<window title="Button Samples">
    <stack-panel orientation="vertical">
        <stack-panel orientation="horizontal">
            <check-box type="auto" />
            <static>
                Simple check box
            </static>
        </stack-panel>

        <stack-panel orientation="horizontal">
            <state-3 type="auto" />
            <static>
                Three-state check box
            </static>
        </stack-panel>

        <group-box title="Group Box">
            <stack-panel orientation="horizontal">
                <ratio-button type="auto" />
                <static>
                    Radio button 1
                </static>
                <ratio-button type="auto" />
                <static>
                    Radio button 2
                </static>
            </stack-panel>
        </group-box>

        <stack-panel orientation="horizontal">
            <stack-panel orientation="vertical">
                <push-button />
                <command-link />
            </stack-panel>
            <stack-panel orientation="vertical">
                <push-button />

                <split-button />

                <push-button type="default" />
            </stack-panel>
        <stack-panel>

    </stack-panel>

</window>